<?xml version="1.0" encoding="UTF-8"?>
<testsuite name="org.hyperledger.fabric.pecs.assettransfer.AssetTransferTest$InvokeCreateAssetTransaction" tests="2" skipped="0" failures="0" errors="0" timestamp="2024-07-18T09:21:20" hostname="DESKTOP-R1N372L" time="0.039">
  <properties/>
  <testcase name="whenAssetExists()" classname="org.hyperledger.fabric.pecs.assettransfer.AssetTransferTest$InvokeCreateAssetTransaction" time="0.031"/>
  <testcase name="whenAssetDoesNotExist()" classname="org.hyperledger.fabric.pecs.assettransfer.AssetTransferTest$InvokeCreateAssetTransaction" time="0.005"/>
  <system-out><![CDATA[Asset privacyPolicy1 already exists
]]></system-out>
  <system-err><![CDATA[]]></system-err>
</testsuite>
