<?xml version="1.0" encoding="UTF-8"?>
<testsuite name="org.hyperledger.fabric.pecs.assettransfer.AssetTransferTest$InvokeCreateAssetTransaction" tests="1" skipped="0" failures="0" errors="0" timestamp="2024-09-06T11:36:09" hostname="DESKTOP-R1N372L" time="0.022">
  <properties/>
  <testcase name="whenAssetDoesNotExist()" classname="org.hyperledger.fabric.pecs.assettransfer.AssetTransferTest$InvokeCreateAssetTransaction" time="0.022"/>
  <system-out><![CDATA[]]></system-out>
  <system-err><![CDATA[]]></system-err>
</testsuite>
